[01Nov2024 13:16:41.856] [main/INFO] [cpw.mods.modlauncher.Launcher/MODLAUNCHER]: ModLauncher running: args [--launchTarget, forgeclientuserdev, --version, 21.1.65, --assetIndex, 17, --assetsDir, /home/guzeggamerguy/.mcreator/gradle/caches/neoformruntime/assets, --gameDir, ., --fml.neoForgeVersion, 21.1.65, --fml.fmlVersion, 4.0.24, --fml.mcVersion, 1.21.1, --fml.neoFormVersion, 20240808.144430]
[01Nov2024 13:16:41.862] [main/INFO] [cpw.mods.modlauncher.Launcher/MODLAUNCHER]: JVM identified as Eclipse Adoptium OpenJDK 64-Bit Server VM 21.0.4+7-LTS
[01Nov2024 13:16:41.866] [main/INFO] [cpw.mods.modlauncher.Launcher/MODLAUNCHER]: ModLauncher 11.0.4+main.d2e20e43 starting: java version 21.0.4 by Eclipse Adoptium; OS Linux arch amd64 version 6.8.0-48-generic
[01Nov2024 13:16:42.162] [main/INFO] [net.neoforged.fml.loading.ImmediateWindowHandler/]: Loading ImmediateWindowProvider fmlearlywindow
[01Nov2024 13:16:42.486] [main/INFO] [EARLYDISPLAY/]: Trying GL version 4.6
[01Nov2024 13:16:42.568] [main/INFO] [EARLYDISPLAY/]: Requested GL version 4.6 got version 4.6
[01Nov2024 13:16:43.094] [main/INFO] [mixin/]: SpongePowered MIXIN Subsystem Version=0.8.7 Source=union:/home/guzeggamerguy/.mcreator/gradle/caches/modules-2/files-2.1/net.fabricmc/sponge-mixin/0.15.2+mixin.0.8.7/2af2f021d8e02a0220dc27a7a72b4666d66d44ca/sponge-mixin-0.15.2+mixin.0.8.7.jar%23119!/ Service=ModLauncher Env=CLIENT
[01Nov2024 13:16:43.233] [pool-2-thread-1/INFO] [EARLYDISPLAY/]: GL info: Mesa Intel(R) HD Graphics 4600 (HSW GT2) GL version 4.6 (Core Profile) Mesa 24.0.9-0ubuntu0.2, Intel
[01Nov2024 13:16:44.031] [main/INFO] [net.neoforged.fml.loading.moddiscovery.locators.JarInJarDependencyLocator/]: Found 2 dependencies adding them to mods collection
[01Nov2024 13:16:45.816] [main/INFO] [cpw.mods.modlauncher.LaunchServiceHandler/MODLAUNCHER]: Launching target 'forgeclientuserdev' with arguments [--version, 21.1.65, --gameDir, ., --assetsDir, /home/guzeggamerguy/.mcreator/gradle/caches/neoformruntime/assets, --assetIndex, 17]
[01Nov2024 13:16:50.129] [pool-7-thread-1/INFO] [MixinExtras|Service/]: Initializing MixinExtras via com.llamalad7.mixinextras.service.MixinExtrasServiceImpl(version=0.4.1).
[01Nov2024 13:16:50.709] [Datafixer Bootstrap/INFO] [com.mojang.datafixers.DataFixerBuilder/]: 229 Datafixer optimizations took 1271 milliseconds
[01Nov2024 13:17:02.079] [main/WARN] [net.minecraft.commands.Commands/]: Ambiguity between arguments [teleport, location] and [teleport, destination] with inputs: [0.1 -0.5 .9, 0 0 0]
[01Nov2024 13:17:02.085] [main/WARN] [net.minecraft.commands.Commands/]: Ambiguity between arguments [teleport, location] and [teleport, targets] with inputs: [0.1 -0.5 .9, 0 0 0]
[01Nov2024 13:17:02.095] [main/WARN] [net.minecraft.commands.Commands/]: Ambiguity between arguments [teleport, destination] and [teleport, targets] with inputs: [Player, 0123, @e, dd12be42-52a9-4a91-a8a1-11c01849e498]
[01Nov2024 13:17:02.103] [main/WARN] [net.minecraft.commands.Commands/]: Ambiguity between arguments [teleport, targets] and [teleport, destination] with inputs: [Player, 0123, dd12be42-52a9-4a91-a8a1-11c01849e498]
[01Nov2024 13:17:02.111] [main/WARN] [net.minecraft.commands.Commands/]: Ambiguity between arguments [teleport, targets, location] and [teleport, targets, destination] with inputs: [0.1 -0.5 .9, 0 0 0]
[01Nov2024 13:17:02.418] [Render thread/WARN] [net.minecraft.server.packs.VanillaPackResourcesBuilder/]: Assets URL 'union:/home/guzeggamerguy/MCreatorWorkspaces/orecrafter/build/moddev/artifacts/neoforge-21.1.65-minecraft.jar%23171!/assets/.mcassetsroot' uses unexpected schema
[01Nov2024 13:17:02.419] [Render thread/WARN] [net.minecraft.server.packs.VanillaPackResourcesBuilder/]: Assets URL 'union:/home/guzeggamerguy/MCreatorWorkspaces/orecrafter/build/moddev/artifacts/neoforge-21.1.65-minecraft.jar%23171!/data/.mcassetsroot' uses unexpected schema
[01Nov2024 13:17:02.473] [Render thread/INFO] [com.mojang.authlib.yggdrasil.YggdrasilAuthenticationService/]: Environment: Environment[sessionHost=https://sessionserver.mojang.com, servicesHost=https://api.minecraftservices.com, name=PROD]
[01Nov2024 13:17:02.501] [Render thread/INFO] [net.minecraft.client.Minecraft/]: Setting user: Dev
[01Nov2024 13:17:02.799] [Render thread/INFO] [net.minecraft.client.Minecraft/]: Backend library: LWJGL version 3.3.3+5
[01Nov2024 13:17:03.636] [modloading-worker-0/INFO] [net.neoforged.neoforge.common.NeoForgeMod/NEOFORGE-MOD]: NeoForge mod loading, version 21.1.65, for MC 1.21.1
[01Nov2024 13:17:05.300] [Render thread/INFO] [net.neoforged.neoforge.gametest.GameTestHooks/]: Enabled Gametest Namespaces: []
[01Nov2024 13:17:05.594] [Render thread/INFO] [net.minecraft.server.packs.resources.ReloadableResourceManager/]: Reloading ResourceManager: vanilla, mod_resources, mod/neoforge, mod/orecrafter
[01Nov2024 13:17:06.045] [Worker-Main-1/INFO] [net.minecraft.client.gui.font.providers.UnihexProvider/]: Found unifont_all_no_pua-15.1.05.hex, loading
[01Nov2024 13:17:07.118] [Worker-Main-1/INFO] [net.minecraft.client.gui.font.providers.UnihexProvider/]: Found unifont_jp_patch-15.1.05.hex, loading
[01Nov2024 13:17:10.395] [Render thread/WARN] [net.minecraft.client.sounds.SoundEngine/]: Missing sound for event: minecraft:item.goat_horn.play
[01Nov2024 13:17:10.396] [Render thread/WARN] [net.minecraft.client.sounds.SoundEngine/]: Missing sound for event: minecraft:entity.goat.screaming.horn_break
[01Nov2024 13:17:10.514] [Render thread/INFO] [com.mojang.blaze3d.audio.Library/]: OpenAL initialized on device A60Pro
[01Nov2024 13:17:10.517] [Render thread/INFO] [net.minecraft.client.sounds.SoundEngine/SOUNDS]: Sound engine started
[01Nov2024 13:17:10.875] [Render thread/INFO] [net.minecraft.client.renderer.texture.TextureAtlas/]: Created: 1024x512x2 minecraft:textures/atlas/blocks.png-atlas
[01Nov2024 13:17:10.933] [Render thread/INFO] [net.minecraft.client.renderer.texture.TextureAtlas/]: Created: 256x256x2 minecraft:textures/atlas/signs.png-atlas
[01Nov2024 13:17:10.936] [Render thread/INFO] [net.minecraft.client.renderer.texture.TextureAtlas/]: Created: 512x512x2 minecraft:textures/atlas/banner_patterns.png-atlas
[01Nov2024 13:17:10.938] [Render thread/INFO] [net.minecraft.client.renderer.texture.TextureAtlas/]: Created: 512x512x2 minecraft:textures/atlas/shield_patterns.png-atlas
[01Nov2024 13:17:10.941] [Render thread/INFO] [net.minecraft.client.renderer.texture.TextureAtlas/]: Created: 1024x1024x2 minecraft:textures/atlas/armor_trims.png-atlas
[01Nov2024 13:17:10.959] [Render thread/INFO] [net.minecraft.client.renderer.texture.TextureAtlas/]: Created: 256x256x2 minecraft:textures/atlas/chest.png-atlas
[01Nov2024 13:17:10.961] [Render thread/INFO] [net.minecraft.client.renderer.texture.TextureAtlas/]: Created: 128x64x2 minecraft:textures/atlas/decorated_pot.png-atlas
[01Nov2024 13:17:10.964] [Render thread/INFO] [net.minecraft.client.renderer.texture.TextureAtlas/]: Created: 512x256x2 minecraft:textures/atlas/beds.png-atlas
[01Nov2024 13:17:10.965] [Render thread/INFO] [net.minecraft.client.renderer.texture.TextureAtlas/]: Created: 512x256x2 minecraft:textures/atlas/shulker_boxes.png-atlas
[01Nov2024 13:17:11.458] [Render thread/INFO] [net.minecraft.client.renderer.texture.TextureAtlas/]: Created: 512x256x0 minecraft:textures/atlas/particles.png-atlas
[01Nov2024 13:17:11.463] [Render thread/INFO] [net.minecraft.client.renderer.texture.TextureAtlas/]: Created: 512x256x0 minecraft:textures/atlas/paintings.png-atlas
[01Nov2024 13:17:11.464] [Render thread/INFO] [net.minecraft.client.renderer.texture.TextureAtlas/]: Created: 256x128x0 minecraft:textures/atlas/mob_effects.png-atlas
[01Nov2024 13:17:11.466] [Render thread/INFO] [net.minecraft.client.renderer.texture.TextureAtlas/]: Created: 64x64x0 minecraft:textures/atlas/map_decorations.png-atlas
[01Nov2024 13:17:11.466] [Render thread/INFO] [net.minecraft.client.renderer.texture.TextureAtlas/]: Created: 1024x512x0 minecraft:textures/atlas/gui.png-atlas
[01Nov2024 13:17:11.558] [Render thread/WARN] [net.minecraft.client.renderer.ShaderInstance/]: Shader rendertype_entity_translucent_emissive could not find sampler named Sampler2 in the specified shader program.
[01Nov2024 13:17:11.751] [Render thread/INFO] [net.neoforged.neoforge.client.entity.animation.json.AnimationLoader/]: Loaded 0 entity animations
[01Nov2024 13:17:17.815] [Render thread/INFO] [net.minecraft.world.item.crafting.RecipeManager/]: Loaded 1312 recipes
[01Nov2024 13:17:18.453] [Render thread/INFO] [net.minecraft.advancements.AdvancementTree/]: Loaded 1400 advancements
[01Nov2024 13:17:19.388] [Server thread/INFO] [net.minecraft.client.server.IntegratedServer/]: Starting integrated minecraft server version 1.21.1
[01Nov2024 13:17:19.389] [Server thread/INFO] [net.minecraft.server.MinecraftServer/]: Generating keypair
[01Nov2024 13:17:26.314] [Server thread/INFO] [net.minecraft.server.MinecraftServer/]: Preparing start region for dimension minecraft:overworld
[01Nov2024 13:17:27.173] [progressListener/INFO] [net.minecraft.server.level.progress.LoggerChunkProgressListener/]: Preparing spawn area: 0%
[01Nov2024 13:17:27.174] [progressListener/INFO] [net.minecraft.server.level.progress.LoggerChunkProgressListener/]: Preparing spawn area: 0%
[01Nov2024 13:17:27.350] [progressListener/INFO] [net.minecraft.server.level.progress.LoggerChunkProgressListener/]: Preparing spawn area: 18%
[01Nov2024 13:17:27.536] [Server thread/INFO] [net.neoforged.neoforge.server.permission.PermissionAPI/]: Successfully initialized permission handler neoforge:default_handler
[01Nov2024 13:17:27.543] [progressListener/INFO] [net.minecraft.server.level.progress.LoggerChunkProgressListener/]: Time elapsed: 1210 ms
[01Nov2024 13:17:27.687] [Server thread/INFO] [net.minecraft.client.server.IntegratedServer/]: Changing view distance to 5, from 10
[01Nov2024 13:17:27.687] [Server thread/INFO] [net.minecraft.client.server.IntegratedServer/]: Changing simulation distance to 12, from 0
[01Nov2024 13:17:29.671] [Server thread/INFO] [net.minecraft.server.players.PlayerList/]: Dev[local:E:faddbebe] logged in with entity id 6 at (-11.691101233964249, 91.0, 17.131372823102875)
[01Nov2024 13:17:29.823] [Server thread/INFO] [net.minecraft.server.MinecraftServer/]: Dev joined the game
[01Nov2024 13:17:30.760] [Render thread/INFO] [net.minecraft.advancements.AdvancementTree/]: Loaded 1400 advancements
[01Nov2024 13:19:02.062] [Render thread/INFO] [net.minecraft.client.gui.components.ChatComponent/]: [System] [CHAT] Saved screenshot as 2024-11-01_13.19.01.png
[01Nov2024 13:20:45.110] [Server thread/INFO] [net.minecraft.server.MinecraftServer/]: [Dev: Gave 1 [deepslate emerald ore [$ 0.99]] to Dev]
[01Nov2024 13:20:45.152] [Render thread/INFO] [net.minecraft.client.gui.components.ChatComponent/]: [System] [CHAT] Gave 1 [deepslate emerald ore [$ 0.99]] to Dev
[01Nov2024 13:20:56.811] [Render thread/INFO] [net.minecraft.client.gui.components.ChatComponent/]: [System] [CHAT] Saved screenshot as 2024-11-01_13.20.56.png
[01Nov2024 13:21:22.039] [Server thread/INFO] [net.minecraft.client.server.IntegratedServer/]: Saving and pausing game...
[01Nov2024 13:21:22.456] [Server thread/INFO] [net.minecraft.server.MinecraftServer/]: Saving chunks for level 'ServerLevel[Test]'/minecraft:overworld
[01Nov2024 13:21:22.532] [Server thread/INFO] [net.minecraft.server.MinecraftServer/]: Saving chunks for level 'ServerLevel[Test]'/minecraft:the_end
[01Nov2024 13:21:22.546] [Server thread/INFO] [net.minecraft.server.MinecraftServer/]: Saving chunks for level 'ServerLevel[Test]'/minecraft:the_nether
[01Nov2024 13:21:30.333] [IO-Worker-10/INFO] [net.minecraft.client.sounds.SoundEngine/]: System default audio device has changed!
[01Nov2024 13:21:30.589] [Render thread/WARN] [net.minecraft.client.sounds.SoundEngine/]: Missing sound for event: minecraft:item.goat_horn.play
[01Nov2024 13:21:30.593] [Render thread/WARN] [net.minecraft.client.sounds.SoundEngine/]: Missing sound for event: minecraft:entity.goat.screaming.horn_break
[01Nov2024 13:21:30.837] [Render thread/INFO] [com.mojang.blaze3d.audio.Library/]: OpenAL initialized on device Built-in Audio Analog Stereo
[01Nov2024 13:21:30.838] [Render thread/INFO] [net.minecraft.client.sounds.SoundEngine/SOUNDS]: Sound engine started
[01Nov2024 13:21:58.151] [IO-Worker-10/INFO] [net.minecraft.client.sounds.SoundEngine/]: System default audio device has changed!
[01Nov2024 13:21:58.185] [Render thread/WARN] [net.minecraft.client.sounds.SoundEngine/]: Missing sound for event: minecraft:item.goat_horn.play
[01Nov2024 13:21:58.186] [Render thread/WARN] [net.minecraft.client.sounds.SoundEngine/]: Missing sound for event: minecraft:entity.goat.screaming.horn_break
[01Nov2024 13:21:58.292] [Render thread/INFO] [com.mojang.blaze3d.audio.Library/]: OpenAL initialized on device A60Pro
[01Nov2024 13:21:58.293] [Render thread/INFO] [net.minecraft.client.sounds.SoundEngine/SOUNDS]: Sound engine started
[01Nov2024 13:22:20.573] [Server thread/INFO] [net.minecraft.server.MinecraftServer/]: [Dev: Set own game mode to Survival Mode]
[01Nov2024 13:22:20.584] [Render thread/INFO] [net.minecraft.client.gui.components.ChatComponent/]: [System] [CHAT] Set own game mode to Survival Mode
[01Nov2024 13:23:06.950] [Server thread/INFO] [net.minecraft.server.MinecraftServer/]: [Dev: Gave 1 [deepslate emerald ore [$ 0.99]] to Dev]
[01Nov2024 13:23:06.958] [Render thread/INFO] [net.minecraft.client.gui.components.ChatComponent/]: [System] [CHAT] Gave 1 [deepslate emerald ore [$ 0.99]] to Dev
[01Nov2024 13:23:14.690] [Server thread/INFO] [net.minecraft.client.server.IntegratedServer/]: Saving and pausing game...
[01Nov2024 13:23:14.762] [Server thread/INFO] [net.minecraft.server.MinecraftServer/]: Saving chunks for level 'ServerLevel[Test]'/minecraft:overworld
[01Nov2024 13:23:14.795] [Server thread/INFO] [net.minecraft.server.MinecraftServer/]: Saving chunks for level 'ServerLevel[Test]'/minecraft:the_end
[01Nov2024 13:23:14.810] [Server thread/INFO] [net.minecraft.server.MinecraftServer/]: Saving chunks for level 'ServerLevel[Test]'/minecraft:the_nether
[01Nov2024 13:23:15.346] [Server thread/INFO] [net.minecraft.server.network.ServerGamePacketListenerImpl/]: Dev lost connection: Disconnected
[01Nov2024 13:23:15.347] [Server thread/INFO] [net.minecraft.server.MinecraftServer/]: Dev left the game
[01Nov2024 13:23:15.410] [Server thread/INFO] [net.minecraft.server.network.ServerCommonPacketListenerImpl/]: Stopping singleplayer server as player logged out
[01Nov2024 13:23:15.452] [Server thread/INFO] [net.minecraft.server.MinecraftServer/]: Stopping server
[01Nov2024 13:23:15.453] [Server thread/INFO] [net.minecraft.server.MinecraftServer/]: Saving players
[01Nov2024 13:23:15.454] [Server thread/INFO] [net.minecraft.server.MinecraftServer/]: Saving worlds
[01Nov2024 13:23:17.828] [Server thread/INFO] [net.minecraft.server.MinecraftServer/]: Saving chunks for level 'ServerLevel[Test]'/minecraft:overworld
[01Nov2024 13:23:17.906] [Server thread/INFO] [net.minecraft.server.MinecraftServer/]: Saving chunks for level 'ServerLevel[Test]'/minecraft:the_end
[01Nov2024 13:23:17.911] [Server thread/INFO] [net.minecraft.server.MinecraftServer/]: Saving chunks for level 'ServerLevel[Test]'/minecraft:the_nether
[01Nov2024 13:23:17.930] [Server thread/INFO] [net.minecraft.server.MinecraftServer/]: ThreadedAnvilChunkStorage (Test): All chunks are saved
[01Nov2024 13:23:17.930] [Server thread/INFO] [net.minecraft.server.MinecraftServer/]: ThreadedAnvilChunkStorage (DIM1): All chunks are saved
[01Nov2024 13:23:17.930] [Server thread/INFO] [net.minecraft.server.MinecraftServer/]: ThreadedAnvilChunkStorage (DIM-1): All chunks are saved
[01Nov2024 13:23:17.930] [Server thread/INFO] [net.minecraft.server.MinecraftServer/]: ThreadedAnvilChunkStorage: All dimensions are saved
[01Nov2024 13:23:20.805] [Render thread/INFO] [net.minecraft.client.Minecraft/]: Stopping!
